<?xml version="1.0" encoding="UTF-8"?>
<!-- Generated by org.testng.reporters.JUnitXMLReporter -->
<testsuite ignored="0" hostname="CGLDLVD2XCM9FPW.local" failures="1" tests="5" name="JavaScript Alerts Test" time="22.334" errors="0" timestamp="2025-06-24T02:23:09 IST">
  <testcase classname="com.selenium.tests.JavaScriptAlertsTest" name="testJavaScriptAlertAccept" time="3.204"/>
  <testcase classname="com.selenium.tests.JavaScriptAlertsTest" name="testJavaScriptConfirmAlertAccept" time="3.208"/>
  <testcase classname="com.selenium.tests.JavaScriptAlertsTest" name="testJavaScriptConfirmAlertDismiss" time="3.073">
    <failure type="java.lang.AssertionError" message="Page title should contain &amp;apos;JavaScript Alerts&amp;apos; expected [true] but found [false]">
      <![CDATA[java.lang.AssertionError: Page title should contain 'JavaScript Alerts' expected [true] but found [false]
at com.selenium.tests.JavaScriptAlertsTest.testJavaScriptConfirmAlertDismiss(JavaScriptAlertsTest.java:29)
at java.base/java.util.ArrayList.forEach(ArrayList.java:1511)
at java.base/java.util.concurrent.FutureTask.run(FutureTask.java:264)
at java.base/java.util.concurrent.ThreadPoolExecutor.runWorker(ThreadPoolExecutor.java:1136)
at java.base/java.util.concurrent.ThreadPoolExecutor$Worker.run(ThreadPoolExecutor.java:635)
at java.base/java.lang.Thread.run(Thread.java:842)
... Removed 20 stack frames]]>
    </failure>
  </testcase> <!-- testJavaScriptConfirmAlertDismiss -->
  <testcase classname="com.selenium.tests.JavaScriptAlertsTest" name="testJavaScriptConfirmAlertWithCSS" time="3.274"/>
  <testcase classname="com.selenium.tests.JavaScriptAlertsTest" name="testPageElementsPresence" time="3.218"/>
</testsuite> <!-- JavaScript Alerts Test -->
