<?xml version="1.0" encoding="UTF-8"?>
<testng-results ignored="0" total="5" passed="4" failed="1" skipped="0">
  <reporter-output>
  </reporter-output>
  <suite started-at="2025-06-24T02:22:46 IST" name="Selenium Alert Management Suite" finished-at="2025-06-24T02:23:09 IST" duration-ms="22334">
    <groups>
    </groups>
    <test started-at="2025-06-24T02:22:46 IST" name="JavaScript Alerts Test" finished-at="2025-06-24T02:23:09 IST" duration-ms="22334">
      <class name="com.selenium.tests.JavaScriptAlertsTest">
        <test-method is-config="true" signature="setUp()[pri:0, instance:com.selenium.tests.JavaScriptAlertsTest@5a67e962]" started-at="2025-06-24T02:22:46 IST" name="setUp" finished-at="2025-06-24T02:22:48 IST" duration-ms="2241" status="PASS">
          <reporter-output>
          </reporter-output>
        </test-method> <!-- setUp -->
        <test-method signature="testJavaScriptAlertAccept()[pri:0, instance:com.selenium.tests.JavaScriptAlertsTest@5a67e962]" started-at="2025-06-24T02:22:49 IST" name="testJavaScriptAlertAccept" description="Test JavaScript Alert with Accept" finished-at="2025-06-24T02:22:52 IST" duration-ms="3204" status="PASS">
          <reporter-output>
          </reporter-output>
        </test-method> <!-- testJavaScriptAlertAccept -->
        <test-method is-config="true" signature="tearDown(org.testng.ITestResult)[pri:0, instance:com.selenium.tests.JavaScriptAlertsTest@5a67e962]" started-at="2025-06-24T02:22:52 IST" name="tearDown" finished-at="2025-06-24T02:22:52 IST" duration-ms="113" status="PASS">
          <params>
            <param index="0">
              <value>
                <![CDATA[[TestResult name=testJavaScriptAlertAccept status=SUCCESS method=JavaScriptAlertsTest.testJavaScriptAlertAccept()[pri:0, instance:com.selenium.tests.JavaScriptAlertsTest@5a67e962] output={null}]]]>
              </value>
            </param>
          </params>
          <reporter-output>
          </reporter-output>
        </test-method> <!-- tearDown -->
        <test-method is-config="true" signature="setUp()[pri:0, instance:com.selenium.tests.JavaScriptAlertsTest@5a67e962]" started-at="2025-06-24T02:22:52 IST" name="setUp" finished-at="2025-06-24T02:22:53 IST" duration-ms="765" status="PASS">
          <reporter-output>
          </reporter-output>
        </test-method> <!-- setUp -->
        <test-method signature="testJavaScriptConfirmAlertAccept()[pri:0, instance:com.selenium.tests.JavaScriptAlertsTest@5a67e962]" started-at="2025-06-24T02:22:53 IST" name="testJavaScriptConfirmAlertAccept" description="Test JavaScript Confirm Alert with Accept" finished-at="2025-06-24T02:22:56 IST" duration-ms="3208" status="PASS">
          <reporter-output>
          </reporter-output>
        </test-method> <!-- testJavaScriptConfirmAlertAccept -->
        <test-method is-config="true" signature="tearDown(org.testng.ITestResult)[pri:0, instance:com.selenium.tests.JavaScriptAlertsTest@5a67e962]" started-at="2025-06-24T02:22:56 IST" name="tearDown" finished-at="2025-06-24T02:22:56 IST" duration-ms="104" status="PASS">
          <params>
            <param index="0">
              <value>
                <![CDATA[[TestResult name=testJavaScriptConfirmAlertAccept status=SUCCESS method=JavaScriptAlertsTest.testJavaScriptConfirmAlertAccept()[pri:0, instance:com.selenium.tests.JavaScriptAlertsTest@5a67e962] output={null}]]]>
              </value>
            </param>
          </params>
          <reporter-output>
          </reporter-output>
        </test-method> <!-- tearDown -->
        <test-method is-config="true" signature="setUp()[pri:0, instance:com.selenium.tests.JavaScriptAlertsTest@5a67e962]" started-at="2025-06-24T02:22:56 IST" name="setUp" finished-at="2025-06-24T02:22:57 IST" duration-ms="757" status="PASS">
          <reporter-output>
          </reporter-output>
        </test-method> <!-- setUp -->
        <test-method signature="testJavaScriptConfirmAlertDismiss()[pri:0, instance:com.selenium.tests.JavaScriptAlertsTest@5a67e962]" started-at="2025-06-24T02:22:57 IST" name="testJavaScriptConfirmAlertDismiss" description="Test JavaScript Confirm Alert with Dismiss" finished-at="2025-06-24T02:23:00 IST" duration-ms="3073" status="FAIL">
          <exception class="java.lang.AssertionError">
            <message>
              <![CDATA[Page title should contain 'JavaScript Alerts' expected [true] but found [false]]]>
            </message>
            <full-stacktrace>
              <![CDATA[java.lang.AssertionError: Page title should contain 'JavaScript Alerts' expected [true] but found [false]
at org.testng.Assert.fail(Assert.java:111)
at org.testng.Assert.failNotEquals(Assert.java:1578)
at org.testng.Assert.assertTrue(Assert.java:57)
at com.selenium.tests.JavaScriptAlertsTest.testJavaScriptConfirmAlertDismiss(JavaScriptAlertsTest.java:29)
at java.base/jdk.internal.reflect.NativeMethodAccessorImpl.invoke0(Native Method)
at java.base/jdk.internal.reflect.NativeMethodAccessorImpl.invoke(NativeMethodAccessorImpl.java:77)
at java.base/jdk.internal.reflect.DelegatingMethodAccessorImpl.invoke(DelegatingMethodAccessorImpl.java:43)
at java.base/java.lang.reflect.Method.invoke(Method.java:568)
at org.testng.internal.invokers.MethodInvocationHelper.invokeMethod(MethodInvocationHelper.java:139)
at org.testng.internal.invokers.TestInvoker.invokeMethod(TestInvoker.java:664)
at org.testng.internal.invokers.TestInvoker.invokeTestMethod(TestInvoker.java:227)
at org.testng.internal.invokers.MethodRunner.runInSequence(MethodRunner.java:50)
at org.testng.internal.invokers.TestInvoker$MethodInvocationAgent.invoke(TestInvoker.java:957)
at org.testng.internal.invokers.TestInvoker.invokeTestMethods(TestInvoker.java:200)
at org.testng.internal.invokers.TestMethodWorker.invokeTestMethods(TestMethodWorker.java:148)
at org.testng.internal.invokers.TestMethodWorker.run(TestMethodWorker.java:128)
at java.base/java.util.ArrayList.forEach(ArrayList.java:1511)
at org.testng.TestRunner.privateRun(TestRunner.java:848)
at org.testng.TestRunner.run(TestRunner.java:621)
at org.testng.SuiteRunner.runTest(SuiteRunner.java:443)
at org.testng.SuiteRunner$SuiteWorker.run(SuiteRunner.java:481)
at org.testng.internal.thread.ThreadUtil.lambda$execute$0(ThreadUtil.java:58)
at java.base/java.util.concurrent.FutureTask.run(FutureTask.java:264)
at java.base/java.util.concurrent.ThreadPoolExecutor.runWorker(ThreadPoolExecutor.java:1136)
at java.base/java.util.concurrent.ThreadPoolExecutor$Worker.run(ThreadPoolExecutor.java:635)
at java.base/java.lang.Thread.run(Thread.java:842)
]]>
            </full-stacktrace>
          </exception> <!-- java.lang.AssertionError -->
          <reporter-output>
          </reporter-output>
        </test-method> <!-- testJavaScriptConfirmAlertDismiss -->
        <test-method is-config="true" signature="tearDown(org.testng.ITestResult)[pri:0, instance:com.selenium.tests.JavaScriptAlertsTest@5a67e962]" started-at="2025-06-24T02:23:00 IST" name="tearDown" finished-at="2025-06-24T02:23:00 IST" duration-ms="509" status="PASS">
          <params>
            <param index="0">
              <value>
                <![CDATA[[TestResult name=testJavaScriptConfirmAlertDismiss status=FAILURE method=JavaScriptAlertsTest.testJavaScriptConfirmAlertDismiss()[pri:0, instance:com.selenium.tests.JavaScriptAlertsTest@5a67e962] output={null}]]]>
              </value>
            </param>
          </params>
          <reporter-output>
          </reporter-output>
        </test-method> <!-- tearDown -->
        <test-method is-config="true" signature="setUp()[pri:0, instance:com.selenium.tests.JavaScriptAlertsTest@5a67e962]" started-at="2025-06-24T02:23:00 IST" name="setUp" finished-at="2025-06-24T02:23:01 IST" duration-ms="753" status="PASS">
          <reporter-output>
          </reporter-output>
        </test-method> <!-- setUp -->
        <test-method signature="testJavaScriptConfirmAlertWithCSS()[pri:0, instance:com.selenium.tests.JavaScriptAlertsTest@5a67e962]" started-at="2025-06-24T02:23:01 IST" name="testJavaScriptConfirmAlertWithCSS" description="Test JavaScript Confirm Alert using CSS Selector" finished-at="2025-06-24T02:23:04 IST" duration-ms="3274" status="PASS">
          <reporter-output>
          </reporter-output>
        </test-method> <!-- testJavaScriptConfirmAlertWithCSS -->
        <test-method is-config="true" signature="tearDown(org.testng.ITestResult)[pri:0, instance:com.selenium.tests.JavaScriptAlertsTest@5a67e962]" started-at="2025-06-24T02:23:04 IST" name="tearDown" finished-at="2025-06-24T02:23:04 IST" duration-ms="109" status="PASS">
          <params>
            <param index="0">
              <value>
                <![CDATA[[TestResult name=testJavaScriptConfirmAlertWithCSS status=SUCCESS method=JavaScriptAlertsTest.testJavaScriptConfirmAlertWithCSS()[pri:0, instance:com.selenium.tests.JavaScriptAlertsTest@5a67e962] output={null}]]]>
              </value>
            </param>
          </params>
          <reporter-output>
          </reporter-output>
        </test-method> <!-- tearDown -->
        <test-method is-config="true" signature="setUp()[pri:0, instance:com.selenium.tests.JavaScriptAlertsTest@5a67e962]" started-at="2025-06-24T02:23:04 IST" name="setUp" finished-at="2025-06-24T02:23:05 IST" duration-ms="729" status="PASS">
          <reporter-output>
          </reporter-output>
        </test-method> <!-- setUp -->
        <test-method signature="testPageElementsPresence()[pri:0, instance:com.selenium.tests.JavaScriptAlertsTest@5a67e962]" started-at="2025-06-24T02:23:05 IST" name="testPageElementsPresence" description="Test Page Elements Presence" finished-at="2025-06-24T02:23:08 IST" duration-ms="3218" status="PASS">
          <reporter-output>
          </reporter-output>
        </test-method> <!-- testPageElementsPresence -->
        <test-method is-config="true" signature="tearDown(org.testng.ITestResult)[pri:0, instance:com.selenium.tests.JavaScriptAlertsTest@5a67e962]" started-at="2025-06-24T02:23:08 IST" name="tearDown" finished-at="2025-06-24T02:23:09 IST" duration-ms="106" status="PASS">
          <params>
            <param index="0">
              <value>
                <![CDATA[[TestResult name=testPageElementsPresence status=SUCCESS method=JavaScriptAlertsTest.testPageElementsPresence()[pri:0, instance:com.selenium.tests.JavaScriptAlertsTest@5a67e962] output={null}]]]>
              </value>
            </param>
          </params>
          <reporter-output>
          </reporter-output>
        </test-method> <!-- tearDown -->
      </class> <!-- com.selenium.tests.JavaScriptAlertsTest -->
    </test> <!-- JavaScript Alerts Test -->
  </suite> <!-- Selenium Alert Management Suite -->
</testng-results>
