<?xml version="1.0" encoding="UTF-8"?>
<!-- Generated by org.testng.reporters.JUnitReportReporter -->
<testsuite hostname="CGLDLVD2XCM9FPW.local" failures="1" tests="5" name="com.selenium.tests.JavaScriptAlertsTest" time="22.163" errors="0" timestamp="2025-06-24T02:23:09 IST" skipped="0">
  <testcase classname="com.selenium.tests.JavaScriptAlertsTest" name="testJavaScriptConfirmAlertDismiss" time="3.947">
    <failure message="Page title should contain &#039;JavaScript Alerts&#039; expected [true] but found [false]" type="java.lang.AssertionError">
      <![CDATA[java.lang.AssertionError: Page title should contain 'JavaScript Alerts' expected [true] but found [false]
at org.testng.Assert.fail(Assert.java:111)
at org.testng.Assert.failNotEquals(Assert.java:1578)
at org.testng.Assert.assertTrue(Assert.java:57)
at com.selenium.tests.JavaScriptAlertsTest.testJavaScriptConfirmAlertDismiss(JavaScriptAlertsTest.java:29)
at java.base/jdk.internal.reflect.NativeMethodAccessorImpl.invoke0(Native Method)
at java.base/jdk.internal.reflect.NativeMethodAccessorImpl.invoke(NativeMethodAccessorImpl.java:77)
at java.base/jdk.internal.reflect.DelegatingMethodAccessorImpl.invoke(DelegatingMethodAccessorImpl.java:43)
at java.base/java.lang.reflect.Method.invoke(Method.java:568)
at org.testng.internal.invokers.MethodInvocationHelper.invokeMethod(MethodInvocationHelper.java:139)
at org.testng.internal.invokers.TestInvoker.invokeMethod(TestInvoker.java:664)
at org.testng.internal.invokers.TestInvoker.invokeTestMethod(TestInvoker.java:227)
at org.testng.internal.invokers.MethodRunner.runInSequence(MethodRunner.java:50)
at org.testng.internal.invokers.TestInvoker$MethodInvocationAgent.invoke(TestInvoker.java:957)
at org.testng.internal.invokers.TestInvoker.invokeTestMethods(TestInvoker.java:200)
at org.testng.internal.invokers.TestMethodWorker.invokeTestMethods(TestMethodWorker.java:148)
at org.testng.internal.invokers.TestMethodWorker.run(TestMethodWorker.java:128)
at java.base/java.util.ArrayList.forEach(ArrayList.java:1511)
at org.testng.TestRunner.privateRun(TestRunner.java:848)
at org.testng.TestRunner.run(TestRunner.java:621)
at org.testng.SuiteRunner.runTest(SuiteRunner.java:443)
at org.testng.SuiteRunner$SuiteWorker.run(SuiteRunner.java:481)
at org.testng.internal.thread.ThreadUtil.lambda$execute$0(ThreadUtil.java:58)
at java.base/java.util.concurrent.FutureTask.run(FutureTask.java:264)
at java.base/java.util.concurrent.ThreadPoolExecutor.runWorker(ThreadPoolExecutor.java:1136)
at java.base/java.util.concurrent.ThreadPoolExecutor$Worker.run(ThreadPoolExecutor.java:635)
at java.base/java.lang.Thread.run(Thread.java:842)
]]>
    </failure>
  </testcase> <!-- testJavaScriptConfirmAlertDismiss -->
  <testcase classname="com.selenium.tests.JavaScriptAlertsTest" name="testJavaScriptConfirmAlertWithCSS" time="4.536"/>
  <testcase classname="com.selenium.tests.JavaScriptAlertsTest" name="testPageElementsPresence" time="4.079"/>
  <testcase classname="com.selenium.tests.JavaScriptAlertsTest" name="testJavaScriptAlertAccept" time="4.046"/>
  <testcase classname="com.selenium.tests.JavaScriptAlertsTest" name="testJavaScriptConfirmAlertAccept" time="5.555"/>
</testsuite> <!-- com.selenium.tests.JavaScriptAlertsTest -->
